#
# There is insufficient memory for the Java Runtime Environment to continue.
# Native memory allocation (mmap) failed to map 203948032 bytes for committing reserved memory.
# Possible reasons:
#   The system is out of physical RAM or swap space
#   In 32 bit mode, the process size limit was hit
# Possible solutions:
#   Reduce memory load on the system
#   Increase physical memory or swap space
#   Check if swap backing store is full
#   Use 64 bit Java on a 64 bit OS
#   Decrease Java heap size (-Xmx/-Xms)
#   Decrease number of Java threads
#   Decrease Java thread stack sizes (-Xss)
#   Set larger code cache with -XX:ReservedCodeCacheSize=
# This output file may be truncated or incomplete.
#
#  Out of Memory Error (os_linux.cpp:2627), pid=10059, tid=0x00007f2997efe700
#
# JRE version: Java(TM) SE Runtime Environment (8.0_101-b13) (build 1.8.0_101-b13)
# Java VM: Java HotSpot(TM) 64-Bit Server VM (25.101-b13 mixed mode linux-amd64 compressed oops)
# Failed to write core dump. Core dumps have been disabled. To enable core dumping, try "ulimit -c unlimited" before starting Java again
#

---------------  T H R E A D  ---------------

Current thread (0x00007f29c8080000):  VMThread [stack: 0x00007f2997dfe000,0x00007f2997eff000] [id=10077]

Stack: [0x00007f2997dfe000,0x00007f2997eff000],  sp=0x00007f2997efd1e0,  free space=1020k
Native frames: (J=compiled Java code, j=interpreted, Vv=VM code, C=native code)
V  [libjvm.so+0xac3f0a]  VMError::report_and_die()+0x2ba
V  [libjvm.so+0x4fbf9b]  report_vm_out_of_memory(char const*, int, unsigned long, VMErrorType, char const*)+0x8b
V  [libjvm.so+0x9222d3]  os::Linux::commit_memory_impl(char*, unsigned long, bool)+0x103
V  [libjvm.so+0x922829]  os::pd_commit_memory(char*, unsigned long, unsigned long, bool)+0x29
V  [libjvm.so+0x91cb2a]  os::commit_memory(char*, unsigned long, unsigned long, bool)+0x2a
V  [libjvm.so+0x991053]  PSVirtualSpace::expand_by(unsigned long)+0x53
V  [libjvm.so+0x981920]  PSOldGen::expand(unsigned long)+0x170
V  [libjvm.so+0x981b2b]  PSOldGen::resize(unsigned long)+0x1cb
V  [libjvm.so+0x989821]  PSParallelCompact::invoke_no_policy(bool)+0x991
V  [libjvm.so+0x98f17d]  PSScavenge::invoke()+0x1ad
V  [libjvm.so+0x945fc0]  ParallelScavengeHeap::failed_mem_allocate(unsigned long)+0x70
V  [libjvm.so+0xac5927]  VM_ParallelGCFailedAllocation::doit()+0x97
V  [libjvm.so+0xacd405]  VM_Operation::evaluate()+0x55
V  [libjvm.so+0xacb7da]  VMThread::evaluate_operation(VM_Operation*)+0xba
V  [libjvm.so+0xacbb5e]  VMThread::loop()+0x1ce
V  [libjvm.so+0xacbfd0]  VMThread::run()+0x70
V  [libjvm.so+0x924698]  java_start(Thread*)+0x108

VM_Operation (0x00007f2996c0ec10): ParallelGCFailedAllocation, mode: safepoint, requested by thread 0x00007f29c8168000


---------------  P R O C E S S  ---------------

Java Threads: ( => current thread )
  0x00007f29c816d800 JavaThread "pool-2-thread-4" [_thread_blocked, id=10117, stack(0x00007f299690e000,0x00007f2996a0f000)]
  0x00007f29c816b800 JavaThread "pool-2-thread-3" [_thread_blocked, id=10116, stack(0x00007f2996a0f000,0x00007f2996b10000)]
  0x00007f29c8168000 JavaThread "pool-2-thread-2" [_thread_blocked, id=10115, stack(0x00007f2996b10000,0x00007f2996c11000)]
  0x00007f29c8167000 JavaThread "pool-3-thread-1" [_thread_blocked, id=10114, stack(0x00007f2996c11000,0x00007f2996d12000)]
  0x00007f29c8161000 JavaThread "pool-2-thread-1" [_thread_blocked, id=10107, stack(0x00007f2996d12000,0x00007f2996e13000)]
  0x00007f29c80cb000 JavaThread "Service Thread" daemon [_thread_blocked, id=10100, stack(0x00007f2996f14000,0x00007f2997015000)]
  0x00007f29c80c8000 JavaThread "C1 CompilerThread3" daemon [_thread_blocked, id=10099, stack(0x00007f2997015000,0x00007f2997116000)]
  0x00007f29c80c6800 JavaThread "C2 CompilerThread2" daemon [_thread_blocked, id=10098, stack(0x00007f2997116000,0x00007f2997217000)]
  0x00007f29c80c4800 JavaThread "C2 CompilerThread1" daemon [_thread_blocked, id=10097, stack(0x00007f2997217000,0x00007f2997318000)]
  0x00007f29c80c1800 JavaThread "C2 CompilerThread0" daemon [_thread_blocked, id=10096, stack(0x00007f2997318000,0x00007f2997419000)]
  0x00007f29c80c0000 JavaThread "Signal Dispatcher" daemon [_thread_blocked, id=10095, stack(0x00007f2997419000,0x00007f299751a000)]
  0x00007f29c808c800 JavaThread "Finalizer" daemon [_thread_blocked, id=10087, stack(0x00007f2997bfc000,0x00007f2997cfd000)]
  0x00007f29c8088000 JavaThread "Reference Handler" daemon [_thread_blocked, id=10078, stack(0x00007f2997cfd000,0x00007f2997dfe000)]
  0x00007f29c800a000 JavaThread "main" [_thread_blocked, id=10062, stack(0x00007f29cf56a000,0x00007f29cf66b000)]

Other Threads:
=>0x00007f29c8080000 VMThread [stack: 0x00007f2997dfe000,0x00007f2997eff000] [id=10077]
  0x00007f29c80ce000 WatcherThread [stack: 0x00007f2996e13000,0x00007f2996f14000] [id=10101]

VM state:at safepoint (normal execution)

VM Mutex/Monitor currently owned by a thread:  ([mutex/lock_event])
[0x00007f29c8005eb0] ExpandHeap_lock - owner thread: 0x00007f29c8080000
[0x00007f29c8006530] Threads_lock - owner thread: 0x00007f29c8080000
[0x00007f29c8006a30] Heap_lock - owner thread: 0x00007f29c8168000

Heap:
 PSYoungGen      total 285184K, used 485K [0x00000000eab00000, 0x0000000100000000, 0x0000000100000000)
  eden space 251392K, 0% used [0x00000000eab00000,0x00000000eab00000,0x00000000fa080000)
  from space 33792K, 1% used [0x00000000fa080000,0x00000000fa0f9500,0x00000000fc180000)
  to   space 64000K, 0% used [0x00000000fc180000,0x00000000fc180000,0x0000000100000000)
 ParOldGen       total 217600K, used 217446K [0x00000000c0000000, 0x00000000cd480000, 0x00000000eab00000)
  object space 217600K, 99% used [0x00000000c0000000,0x00000000cd4598e0,0x00000000cd480000)
 Metaspace       used 6451K, capacity 7256K, committed 7424K, reserved 1056768K
  class space    used 612K, capacity 656K, committed 768K, reserved 1048576K

Card table byte_map: [0x00007f29cc120000,0x00007f29cc321000] byte_map_base: 0x00007f29cbb20000

Marking Bits: (ParMarkBitMap*) 0x00007f29cea41120
 Begin Bits: [0x00007f29b67a3000, 0x00007f29b77a3000)
 End Bits:   [0x00007f29b77a3000, 0x00007f29b87a3000)

Polling page: 0x00007f29cf68a000

CodeCache: size=245760Kb used=10256Kb max_used=10268Kb free=235503Kb
 bounds [0x00007f29b9000000, 0x00007f29b9a20000, 0x00007f29c8000000]
 total_blobs=2464 nmethods=2196 adapters=181
 compilation: enabled

Compilation events (10 events):
Event: 25.131 Thread 0x00007f29c80c6800 nmethod 2420 0x00007f29b99a9590 code [0x00007f29b99a9780, 0x00007f29b99aa268]
Event: 25.131 Thread 0x00007f29c80c6800 2445       4       com.android.dx.ssa.SsaMethod::convertRopToSsaBlocks (103 bytes)
Event: 25.163 Thread 0x00007f29c80c6800 nmethod 2445 0x00007f29b9a025d0 code [0x00007f29b9a02840, 0x00007f29b9a034f0]
Event: 25.163 Thread 0x00007f29c80c6800 2449       4       com.android.dx.ssa.DomFront::<init> (60 bytes)
Event: 25.167 Thread 0x00007f29c80c1800 nmethod 2402 0x00007f29b9a12ad0 code [0x00007f29b9a12d40, 0x00007f29b9a14188]
Event: 25.167 Thread 0x00007f29c80c1800 2442       4       com.android.dx.cf.code.Ropper::addExceptionSetupBlocks (203 bytes)
Event: 25.172 Thread 0x00007f29c80c6800 nmethod 2449 0x00007f29b9a01d50 code [0x00007f29b9a01ec0, 0x00007f29b9a02378]
Event: 25.172 Thread 0x00007f29c80c6800 2448       4       com.android.dx.ssa.LocalVariableExtractor::doit (59 bytes)
Event: 25.181 Thread 0x00007f29c80c6800 nmethod 2448 0x00007f29b91091d0 code [0x00007f29b9109360, 0x00007f29b91096a8]
Event: 25.182 Thread 0x00007f29c80c6800 2447       4       com.android.dx.ssa.SsaConverter::edgeSplitMoveExceptionsAndResults (157 bytes)

GC Heap History (10 events):
Event: 17.386 GC heap after
Heap after GC invocations=6 (full 0):
 PSYoungGen      total 282624K, used 24149K [0x00000000eab00000, 0x00000000fe500000, 0x0000000100000000)
  eden space 251392K, 0% used [0x00000000eab00000,0x00000000eab00000,0x00000000fa080000)
  from space 31232K, 77% used [0x00000000fc180000,0x00000000fd915430,0x00000000fe000000)
  to   space 33792K, 0% used [0x00000000fa080000,0x00000000fa080000,0x00000000fc180000)
 ParOldGen       total 84992K, used 49507K [0x00000000c0000000, 0x00000000c5300000, 0x00000000eab00000)
  object space 84992K, 58% used [0x00000000c0000000,0x00000000c3058e60,0x00000000c5300000)
 Metaspace       used 6429K, capacity 7192K, committed 7424K, reserved 1056768K
  class space    used 610K, capacity 656K, committed 768K, reserved 1048576K
}
Event: 21.566 GC heap before
{Heap before GC invocations=7 (full 0):
 PSYoungGen      total 282624K, used 275541K [0x00000000eab00000, 0x00000000fe500000, 0x0000000100000000)
  eden space 251392K, 100% used [0x00000000eab00000,0x00000000fa080000,0x00000000fa080000)
  from space 31232K, 77% used [0x00000000fc180000,0x00000000fd915430,0x00000000fe000000)
  to   space 33792K, 0% used [0x00000000fa080000,0x00000000fa080000,0x00000000fc180000)
 ParOldGen       total 84992K, used 49507K [0x00000000c0000000, 0x00000000c5300000, 0x00000000eab00000)
  object space 84992K, 58% used [0x00000000c0000000,0x00000000c3058e60,0x00000000c5300000)
 Metaspace       used 6435K, capacity 7256K, committed 7424K, reserved 1056768K
  class space    used 610K, capacity 656K, committed 768K, reserved 1048576K
Event: 21.993 GC heap after
Heap after GC invocations=7 (full 0):
 PSYoungGen      total 282624K, used 275541K [0x00000000eab00000, 0x00000000fe500000, 0x0000000100000000)
  eden space 251392K, 100% used [0x00000000eab00000,0x00000000fa080000,0x00000000fa080000)
  from space 31232K, 77% used [0x00000000fc180000,0x00000000fd915430,0x00000000fe000000)
  to   space 33792K, 99% used [0x00000000fa080000,0x00000000fc17b080,0x00000000fc180000)
 ParOldGen       total 173568K, used 170263K [0x00000000c0000000, 0x00000000ca980000, 0x00000000eab00000)
  object space 173568K, 98% used [0x00000000c0000000,0x00000000ca645dd0,0x00000000ca980000)
 Metaspace       used 6435K, capacity 7256K, committed 7424K, reserved 1056768K
  class space    used 610K, capacity 656K, committed 768K, reserved 1048576K
}
Event: 21.993 GC heap before
{Heap before GC invocations=8 (full 1):
 PSYoungGen      total 282624K, used 275541K [0x00000000eab00000, 0x00000000fe500000, 0x0000000100000000)
  eden space 251392K, 100% used [0x00000000eab00000,0x00000000fa080000,0x00000000fa080000)
  from space 31232K, 77% used [0x00000000fc180000,0x00000000fd915430,0x00000000fe000000)
  to   space 33792K, 99% used [0x00000000fa080000,0x00000000fc17b080,0x00000000fc180000)
 ParOldGen       total 173568K, used 170263K [0x00000000c0000000, 0x00000000ca980000, 0x00000000eab00000)
  object space 173568K, 98% used [0x00000000c0000000,0x00000000ca645dd0,0x00000000ca980000)
 Metaspace       used 6435K, capacity 7256K, committed 7424K, reserved 1056768K
  class space    used 610K, capacity 656K, committed 768K, reserved 1048576K
Event: 23.277 GC heap after
Heap after GC invocations=8 (full 1):
 PSYoungGen      total 282624K, used 0K [0x00000000eab00000, 0x00000000fe500000, 0x0000000100000000)
  eden space 251392K, 0% used [0x00000000eab00000,0x00000000eab00000,0x00000000fa080000)
  from space 31232K, 0% used [0x00000000fc180000,0x00000000fc180000,0x00000000fe000000)
  to   space 33792K, 64% used [0x00000000fa080000,0x00000000fb5c8be0,0x00000000fc180000)
 ParOldGen       total 246272K, used 173433K [0x00000000c0000000, 0x00000000cf080000, 0x00000000eab00000)
  object space 246272K, 70% used [0x00000000c0000000,0x00000000ca95e5e8,0x00000000cf080000)
 Metaspace       used 6435K, capacity 7256K, committed 7424K, reserved 1056768K
  class space    used 610K, capacity 656K, committed 768K, reserved 1048576K
}
Event: 24.168 GC heap before
{Heap before GC invocations=9 (full 2):
 PSYoungGen      total 282624K, used 251392K [0x00000000eab00000, 0x00000000fe500000, 0x0000000100000000)
  eden space 251392K, 100% used [0x00000000eab00000,0x00000000fa080000,0x00000000fa080000)
  from space 31232K, 0% used [0x00000000fc180000,0x00000000fc180000,0x00000000fe000000)
  to   space 33792K, 64% used [0x00000000fa080000,0x00000000fb5c8be0,0x00000000fc180000)
 ParOldGen       total 246272K, used 173433K [0x00000000c0000000, 0x00000000cf080000, 0x00000000eab00000)
  object space 246272K, 70% used [0x00000000c0000000,0x00000000ca95e5e8,0x00000000cf080000)
 Metaspace       used 6448K, capacity 7256K, committed 7424K, reserved 1056768K
  class space    used 612K, capacity 656K, committed 768K, reserved 1048576K
Event: 24.595 GC heap after
Heap after GC invocations=9 (full 2):
 PSYoungGen      total 282624K, used 0K [0x00000000eab00000, 0x00000000fe500000, 0x0000000100000000)
  eden space 251392K, 0% used [0x00000000eab00000,0x00000000eab00000,0x00000000fa080000)
  from space 31232K, 0% used [0x00000000fc180000,0x00000000fc180000,0x00000000fe000000)
  to   space 33792K, 0% used [0x00000000fa080000,0x00000000fa080000,0x00000000fc180000)
 ParOldGen       total 217600K, used 105514K [0x00000000c0000000, 0x00000000cd480000, 0x00000000eab00000)
  object space 217600K, 48% used [0x00000000c0000000,0x00000000c670a9f0,0x00000000cd480000)
 Metaspace       used 6448K, capacity 7256K, committed 7424K, reserved 1056768K
  class space    used 612K, capacity 656K, committed 768K, reserved 1048576K
}
Event: 25.261 GC heap before
{Heap before GC invocations=10 (full 2):
 PSYoungGen      total 282624K, used 251392K [0x00000000eab00000, 0x00000000fe500000, 0x0000000100000000)
  eden space 251392K, 100% used [0x00000000eab00000,0x00000000fa080000,0x00000000fa080000)
  from space 31232K, 0% used [0x00000000fc180000,0x00000000fc180000,0x00000000fe000000)
  to   space 33792K, 0% used [0x00000000fa080000,0x00000000fa080000,0x00000000fc180000)
 ParOldGen       total 217600K, used 105514K [0x00000000c0000000, 0x00000000cd480000, 0x00000000eab00000)
  object space 217600K, 48% used [0x00000000c0000000,0x00000000c670a9f0,0x00000000cd480000)
 Metaspace       used 6451K, capacity 7256K, committed 7424K, reserved 1056768K
  class space    used 612K, capacity 656K, committed 768K, reserved 1048576K
Event: 25.368 GC heap after
Heap after GC invocations=10 (full 2):
 PSYoungGen      total 285184K, used 33780K [0x00000000eab00000, 0x0000000100000000, 0x0000000100000000)
  eden space 251392K, 0% used [0x00000000eab00000,0x00000000eab00000,0x00000000fa080000)
  from space 33792K, 99% used [0x00000000fa080000,0x00000000fc17d2f8,0x00000000fc180000)
  to   space 64000K, 0% used [0x00000000fc180000,0x00000000fc180000,0x0000000100000000)
 ParOldGen       total 217600K, used 204146K [0x00000000c0000000, 0x00000000cd480000, 0x00000000eab00000)
  object space 217600K, 93% used [0x00000000c0000000,0x00000000cc75c9d8,0x00000000cd480000)
 Metaspace       used 6451K, capacity 7256K, committed 7424K, reserved 1056768K
  class space    used 612K, capacity 656K, committed 768K, reserved 1048576K
}
Event: 25.368 GC heap before
{Heap before GC invocations=11 (full 3):
 PSYoungGen      total 285184K, used 33780K [0x00000000eab00000, 0x0000000100000000, 0x0000000100000000)
  eden space 251392K, 0% used [0x00000000eab00000,0x00000000eab00000,0x00000000fa080000)
  from space 33792K, 99% used [0x00000000fa080000,0x00000000fc17d2f8,0x00000000fc180000)
  to   space 64000K, 0% used [0x00000000fc180000,0x00000000fc180000,0x0000000100000000)
 ParOldGen       total 217600K, used 204146K [0x00000000c0000000, 0x00000000cd480000, 0x00000000eab00000)
  object space 217600K, 93% used [0x00000000c0000000,0x00000000cc75c9d8,0x00000000cd480000)
 Metaspace       used 6451K, capacity 7256K, committed 7424K, reserved 1056768K
  class space    used 612K, capacity 656K, committed 768K, reserved 1048576K

Deoptimization events (10 events):
Event: 23.621 Thread 0x00007f29c8168000 Uncommon trap: reason=unstable_if action=reinterpret pc=0x00007f29b92a2b1c method=com.android.dx.ssa.SetFactory.makeLivenessSet(I)Lcom/android/dx/util/IntSet; @ 4
Event: 23.639 Thread 0x00007f29c8168000 Uncommon trap: reason=unstable_if action=reinterpret pc=0x00007f29b93000b8 method=com.android.dx.ssa.SetFactory.makeLivenessSet(I)Lcom/android/dx/util/IntSet; @ 4
Event: 23.639 Thread 0x00007f29c8168000 Uncommon trap: reason=class_check action=maybe_recompile pc=0x00007f29b92c1370 method=com.android.dx.ssa.back.InterferenceGraph.add(II)V @ 19
Event: 23.639 Thread 0x00007f29c8168000 Uncommon trap: reason=class_check action=maybe_recompile pc=0x00007f29b92c1370 method=com.android.dx.ssa.back.InterferenceGraph.add(II)V @ 19
Event: 23.639 Thread 0x00007f29c8168000 Uncommon trap: reason=class_check action=maybe_recompile pc=0x00007f29b92c1370 method=com.android.dx.ssa.back.InterferenceGraph.add(II)V @ 19
Event: 23.640 Thread 0x00007f29c8168000 Uncommon trap: reason=class_check action=maybe_recompile pc=0x00007f29b92c1370 method=com.android.dx.ssa.back.InterferenceGraph.add(II)V @ 19
Event: 23.868 Thread 0x00007f29c8161000 Uncommon trap: reason=class_check action=maybe_recompile pc=0x00007f29b97d1180 method=com.android.dx.ssa.back.InterferenceGraph.mergeInterferenceSet(ILcom/android/dx/util/IntSet;)V @ 20
Event: 23.870 Thread 0x00007f29c8161000 Uncommon trap: reason=class_check action=maybe_recompile pc=0x00007f29b97d1180 method=com.android.dx.ssa.back.InterferenceGraph.mergeInterferenceSet(ILcom/android/dx/util/IntSet;)V @ 20
Event: 23.871 Thread 0x00007f29c8161000 Uncommon trap: reason=class_check action=maybe_recompile pc=0x00007f29b97d1180 method=com.android.dx.ssa.back.InterferenceGraph.mergeInterferenceSet(ILcom/android/dx/util/IntSet;)V @ 20
Event: 23.884 Thread 0x00007f29c8161000 Uncommon trap: reason=class_check action=maybe_recompile pc=0x00007f29b97d1180 method=com.android.dx.ssa.back.InterferenceGraph.mergeInterferenceSet(ILcom/android/dx/util/IntSet;)V @ 20

Internal exceptions (6 events):
Event: 0.132 Thread 0x00007f29c800a000 Exception <a 'java/lang/NoSuchMethodError': Method sun.misc.Unsafe.defineClass(Ljava/lang/String;[BII)Ljava/lang/Class; name or signature does not match> (0x00000000eab07cc0) thrown at [/HUDSON3/workspace/8-2-build-linux-amd64/jdk8u101/7261/hotspot/src/sh
Event: 0.132 Thread 0x00007f29c800a000 Exception <a 'java/lang/NoSuchMethodError': Method sun.misc.Unsafe.prefetchRead(Ljava/lang/Object;J)V name or signature does not match> (0x00000000eab07fa8) thrown at [/HUDSON3/workspace/8-2-build-linux-amd64/jdk8u101/7261/hotspot/src/share/vm/prims/jni.c
Event: 2.061 Thread 0x00007f29c8161000 Implicit null exception at 0x00007f29b9225ce2 to 0x00007f29b9225dd3
Event: 2.623 Thread 0x00007f29c8161000 Exception <a 'java/lang/ArrayIndexOutOfBoundsException': 18> (0x00000000ed220be0) thrown at [/HUDSON3/workspace/8-2-build-linux-amd64/jdk8u101/7261/hotspot/src/share/vm/interpreter/interpreterRuntime.cpp, line 366]
Event: 2.623 Thread 0x00007f29c8161000 Exception <a 'java/lang/ArrayIndexOutOfBoundsException': 145> (0x00000000ed222760) thrown at [/HUDSON3/workspace/8-2-build-linux-amd64/jdk8u101/7261/hotspot/src/share/vm/interpreter/interpreterRuntime.cpp, line 366]
Event: 2.624 Thread 0x00007f29c8161000 Exception <a 'java/lang/ArrayIndexOutOfBoundsException': 40> (0x00000000ed223a48) thrown at [/HUDSON3/workspace/8-2-build-linux-amd64/jdk8u101/7261/hotspot/src/share/vm/interpreter/interpreterRuntime.cpp, line 366]

Events (10 events):
Event: 25.187 Thread 0x00007f29c816b800 DEOPT UNPACKING pc=0x00007f29b9047633 sp=0x00007f2996b0db70 mode 0
Event: 25.196 Thread 0x00007f29c816b800 DEOPT PACKING pc=0x00007f29b953904d sp=0x00007f2996b0ddc0
Event: 25.196 Thread 0x00007f29c816b800 DEOPT UNPACKING pc=0x00007f29b9047633 sp=0x00007f2996b0dbc0 mode 0
Event: 25.236 Thread 0x00007f29c8168000 DEOPT PACKING pc=0x00007f29b950c30f sp=0x00007f2996c0ed00
Event: 25.236 Thread 0x00007f29c8168000 DEOPT UNPACKING pc=0x00007f29b9047633 sp=0x00007f2996c0eb08 mode 0
Event: 25.242 Thread 0x00007f29c8161000 DEOPT PACKING pc=0x00007f29b99f7e41 sp=0x00007f2996e10fa0
Event: 25.242 Thread 0x00007f29c8161000 DEOPT UNPACKING pc=0x00007f29b9047633 sp=0x00007f2996e10df0 mode 0
Event: 25.247 Thread 0x00007f29c8168000 DEOPT PACKING pc=0x00007f29b93fb26c sp=0x00007f2996c0ed50
Event: 25.247 Thread 0x00007f29c8168000 DEOPT UNPACKING pc=0x00007f29b9047633 sp=0x00007f2996c0ea50 mode 0
Event: 25.251 Executing VM operation: ParallelGCFailedAllocation


Dynamic libraries:
00400000-00401000 r-xp 00000000 08:05 2113844                            /usr/lib/jvm/java-8-oracle/bin/java
00600000-00601000 rw-p 00000000 08:05 2113844                            /usr/lib/jvm/java-8-oracle/bin/java
00696000-006b7000 rw-p 00000000 00:00 0                                  [heap]
c0000000-cd480000 rw-p 00000000 00:00 0 
d9700000-eab00000 ---p 00000000 00:00 0 
eab00000-100000000 rw-p 00000000 00:00 0 
100000000-1000c0000 rw-p 00000000 00:00 0 
1000c0000-140000000 ---p 00000000 00:00 0 
7f2954000000-7f2954026000 rw-p 00000000 00:00 0 
7f2954026000-7f2958000000 ---p 00000000 00:00 0 
7f2958000000-7f2958021000 rw-p 00000000 00:00 0 
7f2958021000-7f295c000000 ---p 00000000 00:00 0 
7f295c000000-7f295c021000 rw-p 00000000 00:00 0 
7f295c021000-7f2960000000 ---p 00000000 00:00 0 
7f2960000000-7f2960021000 rw-p 00000000 00:00 0 
7f2960021000-7f2964000000 ---p 00000000 00:00 0 
7f2964000000-7f2964021000 rw-p 00000000 00:00 0 
7f2964021000-7f2968000000 ---p 00000000 00:00 0 
7f2968000000-7f2968048000 rw-p 00000000 00:00 0 
7f2968048000-7f296c000000 ---p 00000000 00:00 0 
7f296c000000-7f296cc45000 rw-p 00000000 00:00 0 
7f296cc45000-7f2970000000 ---p 00000000 00:00 0 
7f2970000000-7f2970021000 rw-p 00000000 00:00 0 
7f2970021000-7f2974000000 ---p 00000000 00:00 0 
7f2974000000-7f2975ba3000 rw-p 00000000 00:00 0 
7f2975ba3000-7f2978000000 ---p 00000000 00:00 0 
7f2978000000-7f2979dce000 rw-p 00000000 00:00 0 
7f2979dce000-7f297c000000 ---p 00000000 00:00 0 
7f297c000000-7f297c021000 rw-p 00000000 00:00 0 
7f297c021000-7f2980000000 ---p 00000000 00:00 0 
7f2980000000-7f2980d59000 rw-p 00000000 00:00 0 
7f2980d59000-7f2984000000 ---p 00000000 00:00 0 
7f2984000000-7f2984021000 rw-p 00000000 00:00 0 
7f2984021000-7f2988000000 ---p 00000000 00:00 0 
7f2988000000-7f2988021000 rw-p 00000000 00:00 0 
7f2988021000-7f298c000000 ---p 00000000 00:00 0 
7f298c000000-7f298c2a6000 rw-p 00000000 00:00 0 
7f298c2a6000-7f2990000000 ---p 00000000 00:00 0 
7f2990000000-7f2990021000 rw-p 00000000 00:00 0 
7f2990021000-7f2994000000 ---p 00000000 00:00 0 
7f299690e000-7f2996911000 ---p 00000000 00:00 0 
7f2996911000-7f2996a0f000 rw-p 00000000 00:00 0 
7f2996a0f000-7f2996a12000 ---p 00000000 00:00 0 
7f2996a12000-7f2996b10000 rw-p 00000000 00:00 0 
7f2996b10000-7f2996b13000 ---p 00000000 00:00 0 
7f2996b13000-7f2996c11000 rw-p 00000000 00:00 0 
7f2996c11000-7f2996c14000 ---p 00000000 00:00 0 
7f2996c14000-7f2996d12000 rw-p 00000000 00:00 0 
7f2996d12000-7f2996d15000 ---p 00000000 00:00 0 
7f2996d15000-7f2996e13000 rw-p 00000000 00:00 0 
7f2996e13000-7f2996e14000 ---p 00000000 00:00 0 
7f2996e14000-7f2996f14000 rw-p 00000000 00:00 0 
7f2996f14000-7f2996f17000 ---p 00000000 00:00 0 
7f2996f17000-7f2997015000 rw-p 00000000 00:00 0 
7f2997015000-7f2997018000 ---p 00000000 00:00 0 
7f2997018000-7f2997116000 rw-p 00000000 00:00 0 
7f2997116000-7f2997119000 ---p 00000000 00:00 0 
7f2997119000-7f2997217000 rw-p 00000000 00:00 0 
7f2997217000-7f299721a000 ---p 00000000 00:00 0 
7f299721a000-7f2997318000 rw-p 00000000 00:00 0 
7f2997318000-7f299731b000 ---p 00000000 00:00 0 
7f299731b000-7f2997419000 rw-p 00000000 00:00 0 
7f2997419000-7f299741c000 ---p 00000000 00:00 0 
7f299741c000-7f299751a000 rw-p 00000000 00:00 0 
7f299751a000-7f2997bfc000 r--p 00000000 08:05 2104337                    /usr/lib/locale/locale-archive
7f2997bfc000-7f2997bff000 ---p 00000000 00:00 0 
7f2997bff000-7f2997cfd000 rw-p 00000000 00:00 0 
7f2997cfd000-7f2997d00000 ---p 00000000 00:00 0 
7f2997d00000-7f2997dfe000 rw-p 00000000 00:00 0 
7f2997dfe000-7f2997dff000 ---p 00000000 00:00 0 
7f2997dff000-7f2998000000 rw-p 00000000 00:00 0 
7f2998000000-7f2998021000 rw-p 00000000 00:00 0 
7f2998021000-7f299c000000 ---p 00000000 00:00 0 
7f299c000000-7f299c021000 rw-p 00000000 00:00 0 
7f299c021000-7f29a0000000 ---p 00000000 00:00 0 
7f29a0000000-7f29a0021000 rw-p 00000000 00:00 0 
7f29a0021000-7f29a4000000 ---p 00000000 00:00 0 
7f29a4000000-7f29a4021000 rw-p 00000000 00:00 0 
7f29a4021000-7f29a8000000 ---p 00000000 00:00 0 
7f29a8000000-7f29a8040000 rw-p 00000000 00:00 0 
7f29a8040000-7f29ac000000 ---p 00000000 00:00 0 
7f29ac000000-7f29ac021000 rw-p 00000000 00:00 0 
7f29ac021000-7f29b0000000 ---p 00000000 00:00 0 
7f29b0000000-7f29b0021000 rw-p 00000000 00:00 0 
7f29b0021000-7f29b4000000 ---p 00000000 00:00 0 
7f29b4004000-7f29b5b54000 rw-p 00000000 00:00 0 
7f29b5b54000-7f29b5d2d000 r--s 03d29000 08:05 2240610                    /usr/lib/jvm/java-8-oracle/jre/lib/rt.jar
7f29b5d2d000-7f29b6423000 rw-p 00000000 00:00 0 
7f29b6423000-7f29b65a3000 ---p 00000000 00:00 0 
7f29b65a3000-7f29b87a3000 rw-p 00000000 00:00 0 
7f29b87a3000-7f29b87a4000 ---p 00000000 00:00 0 
7f29b87a4000-7f29b88a4000 rw-p 00000000 00:00 0 
7f29b88a4000-7f29b88a5000 ---p 00000000 00:00 0 
7f29b88a5000-7f29b89a5000 rw-p 00000000 00:00 0 
7f29b89a5000-7f29b89a6000 ---p 00000000 00:00 0 
7f29b89a6000-7f29b8aa6000 rw-p 00000000 00:00 0 
7f29b8aa6000-7f29b8aa7000 ---p 00000000 00:00 0 
7f29b8aa7000-7f29b8ba7000 rw-p 00000000 00:00 0 
7f29b8ba7000-7f29b8ba8000 ---p 00000000 00:00 0 
7f29b8ba8000-7f29b8ca8000 rw-p 00000000 00:00 0 
7f29b8ca8000-7f29b8ca9000 ---p 00000000 00:00 0 
7f29b8ca9000-7f29b8da9000 rw-p 00000000 00:00 0 
7f29b8da9000-7f29b8daa000 ---p 00000000 00:00 0 
7f29b8daa000-7f29b8f15000 rw-p 00000000 00:00 0 
7f29b8f15000-7f29b9000000 ---p 00000000 00:00 0 
7f29b9000000-7f29b9a20000 rwxp 00000000 00:00 0 
7f29b9a20000-7f29c8000000 ---p 00000000 00:00 0 
7f29c8000000-7f29c83c0000 rw-p 00000000 00:00 0 
7f29c83c0000-7f29cc000000 ---p 00000000 00:00 0 
7f29cc00c000-7f29cc01f000 r--s 000d1000 08:05 4196236                    /home/rohit/mtp/OSMNavi/app/build/intermediates/exploded-aar/com.google.android.gms/play-services-ads/10.0.1/jars/classes.jar
7f29cc01f000-7f29cc020000 ---p 00000000 00:00 0 
7f29cc020000-7f29cc18b000 rw-p 00000000 00:00 0 
7f29cc18b000-7f29cc275000 ---p 00000000 00:00 0 
7f29cc275000-7f29cc320000 rw-p 00000000 00:00 0 
7f29cc320000-7f29cc34a000 rw-p 00000000 00:00 0 
7f29cc34a000-7f29cc6e1000 ---p 00000000 00:00 0 
7f29cc6e1000-7f29cc6fb000 r-xp 00000000 08:05 2363126                    /usr/lib/jvm/java-8-oracle/jre/lib/amd64/libzip.so
7f29cc6fb000-7f29cc8fb000 ---p 0001a000 08:05 2363126                    /usr/lib/jvm/java-8-oracle/jre/lib/amd64/libzip.so
7f29cc8fb000-7f29cc8fc000 rw-p 0001a000 08:05 2363126                    /usr/lib/jvm/java-8-oracle/jre/lib/amd64/libzip.so
7f29cc8fc000-7f29cc906000 r-xp 00000000 08:05 3934627                    /lib/x86_64-linux-gnu/libnss_files-2.19.so
7f29cc906000-7f29ccb05000 ---p 0000a000 08:05 3934627                    /lib/x86_64-linux-gnu/libnss_files-2.19.so
7f29ccb05000-7f29ccb06000 r--p 00009000 08:05 3934627                    /lib/x86_64-linux-gnu/libnss_files-2.19.so
7f29ccb06000-7f29ccb07000 rw-p 0000a000 08:05 3934627                    /lib/x86_64-linux-gnu/libnss_files-2.19.so
7f29ccb07000-7f29ccb12000 r-xp 00000000 08:05 3934575                    /lib/x86_64-linux-gnu/libnss_nis-2.19.so
7f29ccb12000-7f29ccd11000 ---p 0000b000 08:05 3934575                    /lib/x86_64-linux-gnu/libnss_nis-2.19.so
7f29ccd11000-7f29ccd12000 r--p 0000a000 08:05 3934575                    /lib/x86_64-linux-gnu/libnss_nis-2.19.so
7f29ccd12000-7f29ccd13000 rw-p 0000b000 08:05 3934575                    /lib/x86_64-linux-gnu/libnss_nis-2.19.so
7f29ccd13000-7f29ccd2a000 r-xp 00000000 08:05 3934548                    /lib/x86_64-linux-gnu/libnsl-2.19.so
7f29ccd2a000-7f29ccf29000 ---p 00017000 08:05 3934548                    /lib/x86_64-linux-gnu/libnsl-2.19.so
7f29ccf29000-7f29ccf2a000 r--p 00016000 08:05 3934548                    /lib/x86_64-linux-gnu/libnsl-2.19.so
7f29ccf2a000-7f29ccf2b000 rw-p 00017000 08:05 3934548                    /lib/x86_64-linux-gnu/libnsl-2.19.so
7f29ccf2b000-7f29ccf2d000 rw-p 00000000 00:00 0 
7f29ccf2d000-7f29ccf36000 r-xp 00000000 08:05 3934544                    /lib/x86_64-linux-gnu/libnss_compat-2.19.so
7f29ccf36000-7f29cd135000 ---p 00009000 08:05 3934544                    /lib/x86_64-linux-gnu/libnss_compat-2.19.so
7f29cd135000-7f29cd136000 r--p 00008000 08:05 3934544                    /lib/x86_64-linux-gnu/libnss_compat-2.19.so
7f29cd136000-7f29cd137000 rw-p 00009000 08:05 3934544                    /lib/x86_64-linux-gnu/libnss_compat-2.19.so
7f29cd137000-7f29cd161000 r-xp 00000000 08:05 2363061                    /usr/lib/jvm/java-8-oracle/jre/lib/amd64/libjava.so
7f29cd161000-7f29cd361000 ---p 0002a000 08:05 2363061                    /usr/lib/jvm/java-8-oracle/jre/lib/amd64/libjava.so
7f29cd361000-7f29cd363000 rw-p 0002a000 08:05 2363061                    /usr/lib/jvm/java-8-oracle/jre/lib/amd64/libjava.so
7f29cd363000-7f29cd370000 r-xp 00000000 08:05 2363139                    /usr/lib/jvm/java-8-oracle/jre/lib/amd64/libverify.so
7f29cd370000-7f29cd570000 ---p 0000d000 08:05 2363139                    /usr/lib/jvm/java-8-oracle/jre/lib/amd64/libverify.so
7f29cd570000-7f29cd572000 rw-p 0000d000 08:05 2363139                    /usr/lib/jvm/java-8-oracle/jre/lib/amd64/libverify.so
7f29cd572000-7f29cd579000 r-xp 00000000 08:05 3934595                    /lib/x86_64-linux-gnu/librt-2.19.so
7f29cd579000-7f29cd778000 ---p 00007000 08:05 3934595                    /lib/x86_64-linux-gnu/librt-2.19.so
7f29cd778000-7f29cd779000 r--p 00006000 08:05 3934595                    /lib/x86_64-linux-gnu/librt-2.19.so
7f29cd779000-7f29cd77a000 rw-p 00007000 08:05 3934595                    /lib/x86_64-linux-gnu/librt-2.19.so
7f29cd77a000-7f29cd87f000 r-xp 00000000 08:05 3934514                    /lib/x86_64-linux-gnu/libm-2.19.so
7f29cd87f000-7f29cda7e000 ---p 00105000 08:05 3934514                    /lib/x86_64-linux-gnu/libm-2.19.so
7f29cda7e000-7f29cda7f000 r--p 00104000 08:05 3934514                    /lib/x86_64-linux-gnu/libm-2.19.so
7f29cda7f000-7f29cda80000 rw-p 00105000 08:05 3934514                    /lib/x86_64-linux-gnu/libm-2.19.so
7f29cda80000-7f29ce74b000 r-xp 00000000 08:05 2363069                    /usr/lib/jvm/java-8-oracle/jre/lib/amd64/server/libjvm.so
7f29ce74b000-7f29ce94a000 ---p 00ccb000 08:05 2363069                    /usr/lib/jvm/java-8-oracle/jre/lib/amd64/server/libjvm.so
7f29ce94a000-7f29cea23000 rw-p 00cca000 08:05 2363069                    /usr/lib/jvm/java-8-oracle/jre/lib/amd64/server/libjvm.so
7f29cea23000-7f29cea6e000 rw-p 00000000 00:00 0 
7f29cea6e000-7f29cec28000 r-xp 00000000 08:05 3934597                    /lib/x86_64-linux-gnu/libc-2.19.so
7f29cec28000-7f29cee28000 ---p 001ba000 08:05 3934597                    /lib/x86_64-linux-gnu/libc-2.19.so
7f29cee28000-7f29cee2c000 r--p 001ba000 08:05 3934597                    /lib/x86_64-linux-gnu/libc-2.19.so
7f29cee2c000-7f29cee2e000 rw-p 001be000 08:05 3934597                    /lib/x86_64-linux-gnu/libc-2.19.so
7f29cee2e000-7f29cee33000 rw-p 00000000 00:00 0 
7f29cee33000-7f29cee36000 r-xp 00000000 08:05 3934529                    /lib/x86_64-linux-gnu/libdl-2.19.so
7f29cee36000-7f29cf035000 ---p 00003000 08:05 3934529                    /lib/x86_64-linux-gnu/libdl-2.19.so
7f29cf035000-7f29cf036000 r--p 00002000 08:05 3934529                    /lib/x86_64-linux-gnu/libdl-2.19.so
7f29cf036000-7f29cf037000 rw-p 00003000 08:05 3934529                    /lib/x86_64-linux-gnu/libdl-2.19.so
7f29cf037000-7f29cf04c000 r-xp 00000000 08:05 2113719                    /usr/lib/jvm/java-8-oracle/lib/amd64/jli/libjli.so
7f29cf04c000-7f29cf24c000 ---p 00015000 08:05 2113719                    /usr/lib/jvm/java-8-oracle/lib/amd64/jli/libjli.so
7f29cf24c000-7f29cf24d000 rw-p 00015000 08:05 2113719                    /usr/lib/jvm/java-8-oracle/lib/amd64/jli/libjli.so
7f29cf24d000-7f29cf266000 r-xp 00000000 08:05 3934553                    /lib/x86_64-linux-gnu/libpthread-2.19.so
7f29cf266000-7f29cf465000 ---p 00019000 08:05 3934553                    /lib/x86_64-linux-gnu/libpthread-2.19.so
7f29cf465000-7f29cf466000 r--p 00018000 08:05 3934553                    /lib/x86_64-linux-gnu/libpthread-2.19.so
7f29cf466000-7f29cf467000 rw-p 00019000 08:05 3934553                    /lib/x86_64-linux-gnu/libpthread-2.19.so
7f29cf467000-7f29cf46b000 rw-p 00000000 00:00 0 
7f29cf46b000-7f29cf48e000 r-xp 00000000 08:05 3934561                    /lib/x86_64-linux-gnu/ld-2.19.so
7f29cf491000-7f29cf56a000 rw-p 00000000 00:00 0 
7f29cf56a000-7f29cf56d000 ---p 00000000 00:00 0 
7f29cf56d000-7f29cf66f000 rw-p 00000000 00:00 0 
7f29cf672000-7f29cf673000 rw-p 00000000 00:00 0 
7f29cf673000-7f29cf681000 r--s 000e0000 08:05 4587526                    /home/rohit/Android/Sdk/build-tools/24.0.1/lib/dx.jar
7f29cf681000-7f29cf689000 rw-s 00000000 08:05 527287                     /tmp/hsperfdata_rohit/10059
7f29cf689000-7f29cf68a000 rw-p 00000000 00:00 0 
7f29cf68a000-7f29cf68b000 ---p 00000000 00:00 0 
7f29cf68b000-7f29cf68d000 rw-p 00000000 00:00 0 
7f29cf68d000-7f29cf68e000 r--p 00022000 08:05 3934561                    /lib/x86_64-linux-gnu/ld-2.19.so
7f29cf68e000-7f29cf68f000 rw-p 00023000 08:05 3934561                    /lib/x86_64-linux-gnu/ld-2.19.so
7f29cf68f000-7f29cf690000 rw-p 00000000 00:00 0 
7ffd1a694000-7ffd1a6b5000 rw-p 00000000 00:00 0                          [stack]
7ffd1a753000-7ffd1a755000 r--p 00000000 00:00 0                          [vvar]
7ffd1a755000-7ffd1a757000 r-xp 00000000 00:00 0                          [vdso]
ffffffffff600000-ffffffffff601000 r-xp 00000000 00:00 0                  [vsyscall]

VM Arguments:
jvm_args: -Djava.awt.headless=true -Xmx1024M -Dfile.encoding=UTF-8 -Duser.country=US -Duser.language=en -Duser.variant 
java_command: com.android.dx.command.Main --dex --force-jumbo --num-threads=4 --multi-dex --output /home/rohit/mtp/OSMNavi/app/build/intermediates/transforms/dex/debug/folders/1000/10/com.google.android.gms-play-services-ads-10.0.1_ce9dc0659a4c5dee663b2573d19369b00860c4b1 /home/rohit/mtp/OSMNavi/app/build/intermediates/exploded-aar/com.google.android.gms/play-services-ads/10.0.1/jars/classes.jar
java_class_path (initial): /home/rohit/Android/Sdk/build-tools/24.0.1/lib/dx.jar
Launcher Type: SUN_STANDARD

Environment Variables:
JAVA_HOME=/usr/lib/jvm/java-8-oracle
PATH=/usr/local/sbin:/usr/local/bin:/usr/sbin:/usr/bin:/sbin:/bin:/usr/games:/usr/local/games:/usr/lib/jvm/java-8-oracle/bin:/usr/lib/jvm/java-8-oracle/db/bin:/usr/lib/jvm/java-8-oracle/jre/bin
LD_LIBRARY_PATH=/opt/android-studio/bin:
SHELL=/bin/bash
DISPLAY=:0

Signal Handlers:
SIGSEGV: [libjvm.so+0xac4790], sa_mask[0]=11111111011111111101111111111110, sa_flags=SA_RESTART|SA_SIGINFO
SIGBUS: [libjvm.so+0xac4790], sa_mask[0]=11111111011111111101111111111110, sa_flags=SA_RESTART|SA_SIGINFO
SIGFPE: [libjvm.so+0x91f140], sa_mask[0]=11111111011111111101111111111110, sa_flags=SA_RESTART|SA_SIGINFO
SIGPIPE: [libjvm.so+0x91f140], sa_mask[0]=11111111011111111101111111111110, sa_flags=SA_RESTART|SA_SIGINFO
SIGXFSZ: [libjvm.so+0x91f140], sa_mask[0]=11111111011111111101111111111110, sa_flags=SA_RESTART|SA_SIGINFO
SIGILL: [libjvm.so+0x91f140], sa_mask[0]=11111111011111111101111111111110, sa_flags=SA_RESTART|SA_SIGINFO
SIGUSR1: SIG_DFL, sa_mask[0]=00000000000000000000000000000000, sa_flags=none
SIGUSR2: [libjvm.so+0x920770], sa_mask[0]=00100000000000000000000000000000, sa_flags=SA_RESTART|SA_SIGINFO
SIGHUP: [libjvm.so+0x921b70], sa_mask[0]=11111111011111111101111111111110, sa_flags=SA_RESTART|SA_SIGINFO
SIGINT: [libjvm.so+0x921b70], sa_mask[0]=11111111011111111101111111111110, sa_flags=SA_RESTART|SA_SIGINFO
SIGTERM: [libjvm.so+0x921b70], sa_mask[0]=11111111011111111101111111111110, sa_flags=SA_RESTART|SA_SIGINFO
SIGQUIT: [libjvm.so+0x921b70], sa_mask[0]=11111111011111111101111111111110, sa_flags=SA_RESTART|SA_SIGINFO


---------------  S Y S T E M  ---------------

OS:DISTRIB_ID=Ubuntu
DISTRIB_RELEASE=14.04
DISTRIB_CODENAME=trusty
DISTRIB_DESCRIPTION="Ubuntu 14.04.5 LTS"

uname:Linux 4.4.0-42-generic #62~14.04.1-Ubuntu SMP Fri Oct 7 23:15:48 UTC 2016 x86_64
libc:glibc 2.19 NPTL 2.19 
rlimit: STACK 8192k, CORE 0k, NPROC 31339, NOFILE 4096, AS infinity
load average:19.30 7.22 2.90

/proc/meminfo:
MemTotal:        8047608 kB
MemFree:          137776 kB
MemAvailable:     100776 kB
Buffers:            6740 kB
Cached:           967028 kB
SwapCached:            0 kB
Active:          6815964 kB
Inactive:         833324 kB
Active(anon):    6741036 kB
Inactive(anon):   759904 kB
Active(file):      74928 kB
Inactive(file):    73420 kB
Unevictable:          68 kB
Mlocked:              68 kB
SwapTotal:             0 kB
SwapFree:              0 kB
Dirty:              3052 kB
Writeback:             0 kB
AnonPages:       6675668 kB
Mapped:           412372 kB
Shmem:            825140 kB
Slab:             107128 kB
SReclaimable:      55708 kB
SUnreclaim:        51420 kB
KernelStack:       14496 kB
PageTables:        59120 kB
NFS_Unstable:          0 kB
Bounce:                0 kB
WritebackTmp:          0 kB
CommitLimit:     4023804 kB
Committed_AS:   13649144 kB
VmallocTotal:   34359738367 kB
VmallocUsed:           0 kB
VmallocChunk:          0 kB
HardwareCorrupted:     0 kB
AnonHugePages:   3180544 kB
CmaTotal:              0 kB
CmaFree:               0 kB
HugePages_Total:       0
HugePages_Free:        0
HugePages_Rsvd:        0
HugePages_Surp:        0
Hugepagesize:       2048 kB
DirectMap4k:      194300 kB
DirectMap2M:     8067072 kB


CPU:total 8 (4 cores per cpu, 2 threads per core) family 6 model 58 stepping 9, cmov, cx8, fxsr, mmx, sse, sse2, sse3, ssse3, sse4.1, sse4.2, popcnt, avx, aes, clmul, erms, ht, tsc, tscinvbit, tscinv

/proc/cpuinfo:
processor	: 0
vendor_id	: GenuineIntel
cpu family	: 6
model		: 58
model name	: Intel(R) Core(TM) i7-3612QM CPU @ 2.10GHz
stepping	: 9
microcode	: 0x15
cpu MHz		: 1777.371
cache size	: 6144 KB
physical id	: 0
siblings	: 8
core id		: 0
cpu cores	: 4
apicid		: 0
initial apicid	: 0
fpu		: yes
fpu_exception	: yes
cpuid level	: 13
wp		: yes
flags		: fpu vme de pse tsc msr pae mce cx8 apic sep mtrr pge mca cmov pat pse36 clflush dts acpi mmx fxsr sse sse2 ss ht tm pbe syscall nx rdtscp lm constant_tsc arch_perfmon pebs bts rep_good nopl xtopology nonstop_tsc aperfmperf eagerfpu pni pclmulqdq dtes64 monitor ds_cpl vmx est tm2 ssse3 cx16 xtpr pdcm pcid sse4_1 sse4_2 x2apic popcnt tsc_deadline_timer aes xsave avx f16c rdrand lahf_lm epb tpr_shadow vnmi flexpriority ept vpid fsgsbase smep erms xsaveopt dtherm ida arat pln pts
bugs		:
bogomips	: 4190.60
clflush size	: 64
cache_alignment	: 64
address sizes	: 36 bits physical, 48 bits virtual
power management:

processor	: 1
vendor_id	: GenuineIntel
cpu family	: 6
model		: 58
model name	: Intel(R) Core(TM) i7-3612QM CPU @ 2.10GHz
stepping	: 9
microcode	: 0x15
cpu MHz		: 2297.613
cache size	: 6144 KB
physical id	: 0
siblings	: 8
core id		: 0
cpu cores	: 4
apicid		: 1
initial apicid	: 1
fpu		: yes
fpu_exception	: yes
cpuid level	: 13
wp		: yes
flags		: fpu vme de pse tsc msr pae mce cx8 apic sep mtrr pge mca cmov pat pse36 clflush dts acpi mmx fxsr sse sse2 ss ht tm pbe syscall nx rdtscp lm constant_tsc arch_perfmon pebs bts rep_good nopl xtopology nonstop_tsc aperfmperf eagerfpu pni pclmulqdq dtes64 monitor ds_cpl vmx est tm2 ssse3 cx16 xtpr pdcm pcid sse4_1 sse4_2 x2apic popcnt tsc_deadline_timer aes xsave avx f16c rdrand lahf_lm epb tpr_shadow vnmi flexpriority ept vpid fsgsbase smep erms xsaveopt dtherm ida arat pln pts
bugs		:
bogomips	: 4190.60
clflush size	: 64
cache_alignment	: 64
address sizes	: 36 bits physical, 48 bits virtual
power management:

processor	: 2
vendor_id	: GenuineIntel
cpu family	: 6
model		: 58
model name	: Intel(R) Core(TM) i7-3612QM CPU @ 2.10GHz
stepping	: 9
microcode	: 0x15
cpu MHz		: 2126.167
cache size	: 6144 KB
physical id	: 0
siblings	: 8
core id		: 1
cpu cores	: 4
apicid		: 2
initial apicid	: 2
fpu		: yes
fpu_exception	: yes
cpuid level	: 13
wp		: yes
flags		: fpu vme de pse tsc msr pae mce cx8 apic sep mtrr pge mca cmov pat pse36 clflush dts acpi mmx fxsr sse sse2 ss ht tm pbe syscall nx rdtscp lm constant_tsc arch_perfmon pebs bts rep_good nopl xtopology nonstop_tsc aperfmperf eagerfpu pni pclmulqdq dtes64 monitor ds_cpl vmx est tm2 ssse3 cx16 xtpr pdcm pcid sse4_1 sse4_2 x2apic popcnt tsc_deadline_timer aes xsave avx f16c rdrand lahf_lm epb tpr_shadow vnmi flexpriority ept vpid fsgsbase smep erms xsaveopt dtherm ida arat pln pts
bugs		:
bogomips	: 4190.60
clflush size	: 64
cache_alignment	: 64
address sizes	: 36 bits physical, 48 bits virtual
power management:

processor	: 3
vendor_id	: GenuineIntel
cpu family	: 6
model		: 58
model name	: Intel(R) Core(TM) i7-3612QM CPU @ 2.10GHz
stepping	: 9
microcode	: 0x15
cpu MHz		: 1481.156
cache size	: 6144 KB
physical id	: 0
siblings	: 8
core id		: 1
cpu cores	: 4
apicid		: 3
initial apicid	: 3
fpu		: yes
fpu_exception	: yes
cpuid level	: 13
wp		: yes
flags		: fpu vme de pse tsc msr pae mce cx8 apic sep mtrr pge mca cmov pat pse36 clflush dts acpi mmx fxsr sse sse2 ss ht tm pbe syscall nx rdtscp lm constant_tsc arch_perfmon pebs bts rep_good nopl xtopology nonstop_tsc aperfmperf eagerfpu pni pclmulqdq dtes64 monitor ds_cpl vmx est tm2 ssse3 cx16 xtpr pdcm pcid sse4_1 sse4_2 x2apic popcnt tsc_deadline_timer aes xsave avx f16c rdrand lahf_lm epb tpr_shadow vnmi flexpriority ept vpid fsgsbase smep erms xsaveopt dtherm ida arat pln pts
bugs		:
bogomips	: 4190.60
clflush size	: 64
cache_alignment	: 64
address sizes	: 36 bits physical, 48 bits virtual
power management:

processor	: 4
vendor_id	: GenuineIntel
cpu family	: 6
model		: 58
model name	: Intel(R) Core(TM) i7-3612QM CPU @ 2.10GHz
stepping	: 9
microcode	: 0x15
cpu MHz		: 1937.660
cache size	: 6144 KB
physical id	: 0
siblings	: 8
core id		: 2
cpu cores	: 4
apicid		: 4
initial apicid	: 4
fpu		: yes
fpu_exception	: yes
cpuid level	: 13
wp		: yes
flags		: fpu vme de pse tsc msr pae mce cx8 apic sep mtrr pge mca cmov pat pse36 clflush dts acpi mmx fxsr sse sse2 ss ht tm pbe syscall nx rdtscp lm constant_tsc arch_perfmon pebs bts rep_good nopl xtopology nonstop_tsc aperfmperf eagerfpu pni pclmulqdq dtes64 monitor ds_cpl vmx est tm2 ssse3 cx16 xtpr pdcm pcid sse4_1 sse4_2 x2apic popcnt tsc_deadline_timer aes xsave avx f16c rdrand lahf_lm epb tpr_shadow vnmi flexpriority ept vpid fsgsbase smep erms xsaveopt dtherm ida arat pln pts
bugs		:
bogomips	: 4190.60
clflush size	: 64
cache_alignment	: 64
address sizes	: 36 bits physical, 48 bits virtual
power management:

processor	: 5
vendor_id	: GenuineIntel
cpu family	: 6
model		: 58
model name	: Intel(R) Core(TM) i7-3612QM CPU @ 2.10GHz
stepping	: 9
microcode	: 0x15
cpu MHz		: 1831.757
cache size	: 6144 KB
physical id	: 0
siblings	: 8
core id		: 2
cpu cores	: 4
apicid		: 5
initial apicid	: 5
fpu		: yes
fpu_exception	: yes
cpuid level	: 13
wp		: yes
flags		: fpu vme de pse tsc msr pae mce cx8 apic sep mtrr pge mca cmov pat pse36 clflush dts acpi mmx fxsr sse sse2 ss ht tm pbe syscall nx rdtscp lm constant_tsc arch_perfmon pebs bts rep_good nopl xtopology nonstop_tsc aperfmperf eagerfpu pni pclmulqdq dtes64 monitor ds_cpl vmx est tm2 ssse3 cx16 xtpr pdcm pcid sse4_1 sse4_2 x2apic popcnt tsc_deadline_timer aes xsave avx f16c rdrand lahf_lm epb tpr_shadow vnmi flexpriority ept vpid fsgsbase smep erms xsaveopt dtherm ida arat pln pts
bugs		:
bogomips	: 4190.60
clflush size	: 64
cache_alignment	: 64
address sizes	: 36 bits physical, 48 bits virtual
power management:

processor	: 6
vendor_id	: GenuineIntel
cpu family	: 6
model		: 58
model name	: Intel(R) Core(TM) i7-3612QM CPU @ 2.10GHz
stepping	: 9
microcode	: 0x15
cpu MHz		: 1976.132
cache size	: 6144 KB
physical id	: 0
siblings	: 8
core id		: 3
cpu cores	: 4
apicid		: 6
initial apicid	: 6
fpu		: yes
fpu_exception	: yes
cpuid level	: 13
wp		: yes
flags		: fpu vme de pse tsc msr pae mce cx8 apic sep mtrr pge mca cmov pat pse36 clflush dts acpi mmx fxsr sse sse2 ss ht tm pbe syscall nx rdtscp lm constant_tsc arch_perfmon pebs bts rep_good nopl xtopology nonstop_tsc aperfmperf eagerfpu pni pclmulqdq dtes64 monitor ds_cpl vmx est tm2 ssse3 cx16 xtpr pdcm pcid sse4_1 sse4_2 x2apic popcnt tsc_deadline_timer aes xsave avx f16c rdrand lahf_lm epb tpr_shadow vnmi flexpriority ept vpid fsgsbase smep erms xsaveopt dtherm ida arat pln pts
bugs		:
bogomips	: 4190.60
clflush size	: 64
cache_alignment	: 64
address sizes	: 36 bits physical, 48 bits virtual
power management:

processor	: 7
vendor_id	: GenuineIntel
cpu family	: 6
model		: 58
model name	: Intel(R) Core(TM) i7-3612QM CPU @ 2.10GHz
stepping	: 9
microcode	: 0x15
cpu MHz		: 2009.437
cache size	: 6144 KB
physical id	: 0
siblings	: 8
core id		: 3
cpu cores	: 4
apicid		: 7
initial apicid	: 7
fpu		: yes
fpu_exception	: yes
cpuid level	: 13
wp		: yes
flags		: fpu vme de pse tsc msr pae mce cx8 apic sep mtrr pge mca cmov pat pse36 clflush dts acpi mmx fxsr sse sse2 ss ht tm pbe syscall nx rdtscp lm constant_tsc arch_perfmon pebs bts rep_good nopl xtopology nonstop_tsc aperfmperf eagerfpu pni pclmulqdq dtes64 monitor ds_cpl vmx est tm2 ssse3 cx16 xtpr pdcm pcid sse4_1 sse4_2 x2apic popcnt tsc_deadline_timer aes xsave avx f16c rdrand lahf_lm epb tpr_shadow vnmi flexpriority ept vpid fsgsbase smep erms xsaveopt dtherm ida arat pln pts
bugs		:
bogomips	: 4190.60
clflush size	: 64
cache_alignment	: 64
address sizes	: 36 bits physical, 48 bits virtual
power management:



Memory: 4k page, physical 8047608k(137776k free), swap 0k(0k free)

vm_info: Java HotSpot(TM) 64-Bit Server VM (25.101-b13) for linux-amd64 JRE (1.8.0_101-b13), built on Jun 22 2016 02:59:44 by "java_re" with gcc 4.3.0 20080428 (Red Hat 4.3.0-8)

time: Tue Jan  3 15:11:18 2017
elapsed time: 27 seconds (0d 0h 0m 27s)

